<?xml version="1.0" encoding="UTF-8"?>
<!-- Generated by org.testng.reporters.JUnitReportReporter -->
<testsuite hostname="kris" failures="0" tests="1" name="by.htp.mailpom.MailAutomationTest" time="4.047" errors="0" timestamp="25 Jul 2018 17:58:40 GMT" skipped="0">
  <testcase classname="by.htp.mailpom.MailAutomationTest" name="oneCanLoginMailRu" time="4.047"/>
</testsuite> <!-- by.htp.mailpom.MailAutomationTest -->
